💎 GEM SCANNER RUNNING

22:05
🟡 POPCAT: $0.049378 (-2.9%)
🟡 GOAT: $0.000000 (+0.0%)
🟡 MEOW: $0.000005 (-2.2%)

22:10
🟡 POPCAT: $0.049485 (-2.7%)
🟡 GOAT: $0.000000 (+0.0%)
🟡 MEOW: $0.000005 (-2.2%)

22:15
🟡 POPCAT: $0.049500 (-2.7%)
🟡 GOAT: $0.000000 (+0.0%)
🟡 MEOW: $0.000005 (-1.7%)

22:21
🟡 POPCAT: $0.049446 (-2.7%)
🟡 GOAT: $0.000000 (+0.0%)
🟡 MEOW: $0.000005 (-1.7%)

22:26
🟡 POPCAT: $0.049428 (-2.7%)
🟡 GOAT: $0.000000 (+0.0%)
🟡 MEOW: $0.000005 (-1.7%)

22:32
🟡 POPCAT: $0.049509 (-2.8%)
🟡 GOAT: $0.000000 (+0.0%)
🟡 MEOW: $0.000005 (-1.2%)

22:37
🟡 POPCAT: $0.049490 (-2.9%)
🟡 GOAT: $0.000000 (+0.0%)
🟡 MEOW: $0.000005 (-1.2%)

22:42
🟡 POPCAT: $0.049347 (-3.2%)
🟡 GOAT: $0.000000 (+0.0%)
🟡 MEOW: $0.000005 (-1.2%)

22:48
🟡 POPCAT: $0.049297 (-3.5%)
🟡 GOAT: $0.000000 (+0.0%)
🟡 MEOW: $0.000005 (-1.3%)

22:53
🟡 POPCAT: $0.049286 (-3.5%)
🟡 GOAT: $0.000000 (+0.0%)
🟡 MEOW: $0.000005 (-1.3%)

22:59
🟡 POPCAT: $0.049355 (-3.4%)
🟡 GOAT: $0.000000 (+0.0%)
🟡 MEOW: $0.000005 (-1.3%)

23:04
🟡 POPCAT: $0.049381 (-3.2%)
🟡 GOAT: $0.000000 (+0.0%)
🟡 MEOW: $0.000005 (-1.3%)

23:10
🟡 POPCAT: $0.049443 (-2.7%)
🟡 GOAT: $0.000000 (+0.0%)
🟡 MEOW: $0.000005 (-1.5%)

23:15
🟡 POPCAT: $0.049406 (-2.8%)
🟡 GOAT: $0.000000 (+0.0%)
🟡 MEOW: $0.000005 (-1.5%)

23:20
🟡 POPCAT: $0.049305 (-2.8%)
🟡 GOAT: $0.000000 (+0.0%)
🟡 MEOW: $0.000005 (-1.5%)

23:26
🟡 POPCAT: $0.049251 (-2.9%)
🟡 GOAT: $0.000000 (+0.0%)
🟡 MEOW: $0.000005 (-1.6%)

23:31
🟡 POPCAT: $0.049189 (-3.1%)
🟡 GOAT: $0.000000 (+0.0%)
🟡 MEOW: $0.000005 (-1.6%)

23:37
🟡 POPCAT: $0.049124 (-3.2%)
🟡 GOAT: $0.000000 (+0.0%)
🟡 MEOW: $0.000005 (-1.6%)

23:42
🟡 POPCAT: $0.048929 (-3.4%)
🟡 GOAT: $0.000000 (+0.0%)
🟡 MEOW: $0.000005 (-2.8%)

23:47
🟡 POPCAT: $0.048962 (-3.5%)
🟡 GOAT: $0.000000 (+0.0%)
🟡 MEOW: $0.000005 (-2.8%)

23:53
🟡 POPCAT: $0.048952 (-3.8%)
🟡 GOAT: $0.000000 (+0.0%)
🟡 MEOW: $0.000005 (-2.8%)

23:58
🟡 POPCAT: $0.048948 (-3.8%)
🟡 GOAT: $0.000000 (+0.0%)
🟡 MEOW: $0.000005 (-2.8%)

00:03
🟡 POPCAT: $0.048966 (-3.7%)
🟡 GOAT: $0.000000 (+0.0%)
🟡 MEOW: $0.000005 (-2.4%)

00:09
🟡 POPCAT: $0.049116 (-3.5%)
🟡 GOAT: $0.000000 (+0.0%)
🟡 MEOW: $0.000005 (-2.4%)

00:14
🟡 POPCAT: $0.049095 (-3.5%)
🟡 GOAT: $0.000000 (+0.0%)
🟡 MEOW: $0.000005 (-2.4%)

00:20
🟡 POPCAT: $0.049067 (-3.6%)
🟡 GOAT: $0.000000 (+0.0%)
🟡 MEOW: $0.000006 (-2.0%)

00:25
🟡 POPCAT: $0.049101 (-3.7%)
🟡 GOAT: $0.000000 (+0.0%)
🟡 MEOW: $0.000006 (-2.0%)

00:31
🟡 POPCAT: $0.049084 (-3.7%)
🟡 GOAT: $0.000000 (+0.0%)
🟡 MEOW: $0.000006 (-2.0%)

00:36
🟡 POPCAT: $0.049092 (-3.6%)
🟡 GOAT: $0.000000 (+0.0%)
🟡 MEOW: $0.000005 (-2.6%)

00:41
🟡 POPCAT: $0.049098 (-3.6%)
🟡 GOAT: $0.000000 (+0.0%)
🟡 MEOW: $0.000005 (-2.6%)

00:47
🟡 POPCAT: $0.049122 (-3.5%)
🟡 GOAT: $0.000000 (+0.0%)
🟡 MEOW: $0.000005 (-2.6%)

00:52
🟡 POPCAT: $0.049056 (-3.6%)
🟡 GOAT: $0.000000 (+0.0%)
🟡 MEOW: $0.000005 (-2.6%)

00:58
🟡 POPCAT: $0.049035 (-3.5%)
🟡 GOAT: $0.000000 (+0.0%)
🟡 MEOW: $0.000005 (-2.4%)

01:03
🟡 POPCAT: $0.049061 (-3.5%)
🟡 GOAT: $0.000000 (+0.0%)
🟡 MEOW: $0.000005 (-2.4%)

01:09
🟡 POPCAT: $0.049073 (-3.5%)
🟡 GOAT: $0.000000 (+0.0%)
🟡 MEOW: $0.000005 (-2.4%)

01:14
🟡 POPCAT: $0.049074 (-3.7%)
🟡 GOAT: $0.000000 (+0.0%)
🟡 MEOW: $0.000005 (-2.4%)

01:19
🟡 POPCAT: $0.049049 (-3.8%)
🟡 GOAT: $0.000000 (+0.0%)
🟡 MEOW: $0.000006 (-1.1%)

01:25
🟡 POPCAT: $0.049042 (-4.1%)
🟡 GOAT: $0.000000 (+0.0%)
🟡 MEOW: $0.000006 (-1.1%)

01:30
🟡 POPCAT: $0.048882 (-4.4%)
🟡 GOAT: $0.000000 (+0.0%)
🟡 MEOW: $0.000006 (-1.1%)

01:36
🟡 POPCAT: $0.048867 (-4.5%)
🟡 GOAT: $0.000000 (+0.0%)
🟡 MEOW: $0.000006 (-1.2%)

01:41
🟡 POPCAT: $0.048857 (-4.3%)
🟡 GOAT: $0.000000 (+0.0%)
🟡 MEOW: $0.000006 (-1.2%)

01:47
🟡 POPCAT: $0.048828 (-4.3%)
🟡 GOAT: $0.000000 (+0.0%)
🟡 MEOW: $0.000006 (-1.2%)

01:52
🟡 POPCAT: $0.048833 (-4.2%)
🟡 GOAT: $0.000000 (+0.0%)
🟡 MEOW: $0.000005 (-1.4%)

01:57
🟡 POPCAT: $0.048793 (-4.2%)
🟡 GOAT: $0.000000 (+0.0%)
🟡 MEOW: $0.000005 (-1.4%)

02:03
🟡 POPCAT: $0.048796 (-4.1%)
🟡 GOAT: $0.000000 (+0.0%)
🟡 MEOW: $0.000005 (-1.4%)

02:08
🟡 POPCAT: $0.048782 (-4.1%)
🟡 GOAT: $0.000000 (+0.0%)
🟡 MEOW: $0.000005 (-1.4%)

02:14
🟡 POPCAT: $0.048784 (-4.1%)
🟡 GOAT: $0.000000 (+0.0%)
🟡 MEOW: $0.000005 (-1.7%)

02:19
🟡 POPCAT: $0.048845 (-3.9%)
🟡 GOAT: $0.000000 (+0.0%)
🟡 MEOW: $0.000005 (-1.7%)

02:25
🟡 POPCAT: $0.048889 (-3.8%)
🟡 GOAT: $0.000000 (+0.0%)
🟡 MEOW: $0.000005 (-1.7%)

02:30
🟡 POPCAT: $0.048877 (-3.8%)
🟡 GOAT: $0.000000 (+0.0%)
🟡 MEOW: $0.000005 (-2.2%)

02:36
🟡 POPCAT: $0.048668 (-4.8%)
🟡 GOAT: $0.000000 (+0.0%)
🟡 MEOW: $0.000005 (-2.2%)

02:42
🟡 POPCAT: $0.048638 (-5.2%)
🟡 GOAT: $0.000000 (+0.0%)
🟡 MEOW: $0.000005 (-2.2%)

02:47
🟡 POPCAT: $0.048731 (-5.1%)
🟡 GOAT: $0.000000 (+0.0%)
🟡 MEOW: $0.000005 (-2.2%)

02:53
🟡 POPCAT: $0.048787 (-5.2%)
🟡 GOAT: $0.000000 (+0.0%)
🟡 MEOW: $0.000005 (-1.9%)

02:58
🟡 POPCAT: $0.048861 (-5.1%)
🟡 GOAT: $0.000000 (+0.0%)
🟡 MEOW: $0.000005 (-1.9%)

03:04
🟡 POPCAT: $0.048850 (-5.5%)
🟡 GOAT: $0.000000 (+0.0%)
🟡 MEOW: $0.000005 (-1.9%)

03:09
🟡 POPCAT: $0.048746 (-5.8%)
🟡 GOAT: $0.000000 (+0.0%)
🟡 MEOW: $0.000005 (-1.3%)

03:15
🟡 POPCAT: $0.048714 (-5.9%)
🟡 GOAT: $0.000000 (+0.0%)
🟡 MEOW: $0.000005 (-1.3%)

03:20
🟡 POPCAT: $0.048728 (-5.9%)
🟡 GOAT: $0.000000 (+0.0%)
🟡 MEOW: $0.000005 (-1.3%)

03:26
🟡 POPCAT: $0.048720 (-5.8%)
🟡 GOAT: $0.000000 (+0.0%)
🟡 MEOW: $0.000005 (-1.8%)

03:32
🟡 POPCAT: $0.048696 (-5.8%)
🟡 GOAT: $0.000000 (+0.0%)
🟡 MEOW: $0.000005 (-1.8%)

03:37
🟡 POPCAT: $0.048604 (-5.8%)
🟡 GOAT: $0.000000 (+0.0%)
🟡 MEOW: $0.000005 (-1.8%)

03:43
🟡 POPCAT: $0.048584 (-5.8%)
🟡 GOAT: $0.000000 (+0.0%)
🟡 MEOW: $0.000005 (-1.8%)

03:48
🟡 POPCAT: $0.048796 (-5.3%)
🟡 GOAT: $0.000000 (+0.0%)
🟡 MEOW: $0.000005 (-1.5%)

03:54
🟡 POPCAT: $0.048679 (-5.6%)
🟡 GOAT: $0.000000 (+0.0%)
🟡 MEOW: $0.000005 (-1.5%)

03:59
🟡 POPCAT: $0.048406 (-6.0%)
🟡 GOAT: $0.000000 (+0.0%)
🟡 MEOW: $0.000005 (-1.5%)

04:05
🟡 POPCAT: $0.048401 (-6.0%)
🟡 GOAT: $0.000000 (+0.0%)
🟡 MEOW: $0.000005 (-1.5%)

04:10
🟡 POPCAT: $0.048344 (-6.4%)
🟡 GOAT: $0.000000 (+0.0%)
🟡 MEOW: $0.000005 (-2.5%)

04:16
🟡 POPCAT: $0.048356 (-7.0%)
🟡 GOAT: $0.000000 (+0.0%)
🟡 MEOW: $0.000005 (-2.5%)

04:22
🟡 POPCAT: $0.048558 (-6.4%)
🟡 GOAT: $0.000000 (+0.0%)
🟡 MEOW: $0.000005 (-2.5%)

04:27
🟡 POPCAT: $0.048620 (-6.3%)
🟡 GOAT: $0.000000 (+0.0%)
🟡 MEOW: $0.000005 (-2.4%)

04:33
🟡 POPCAT: $0.048627 (-6.1%)
🟡 GOAT: $0.000000 (+0.0%)
🟡 MEOW: $0.000005 (-2.4%)

04:38
🟡 POPCAT: $0.048564 (-6.2%)
🟡 GOAT: $0.000000 (+0.0%)
🟡 MEOW: $0.000005 (-2.4%)

04:44
🟡 POPCAT: $0.048507 (-6.5%)
🟡 GOAT: $0.000000 (+0.0%)
🟡 MEOW: $0.000005 (-2.4%)

04:49
🟡 POPCAT: $0.048437 (-6.6%)
🟡 GOAT: $0.000000 (+0.0%)
🟡 MEOW: $0.000005 (-2.5%)

04:55
🟡 POPCAT: $0.048381 (-6.6%)
🟡 GOAT: $0.000000 (+0.0%)
🟡 MEOW: $0.000005 (-2.5%)

05:00
🟡 POPCAT: $0.048350 (-6.5%)
🟡 GOAT: $0.000000 (+0.0%)
🟡 MEOW: $0.000005 (-2.5%)

05:06
🟡 POPCAT: $0.048328 (-6.2%)
🟡 GOAT: $0.000000 (+0.0%)
🟡 MEOW: $0.000005 (-2.5%)

05:11
🟡 POPCAT: $0.048321 (-6.3%)
🟡 GOAT: $0.000000 (+0.0%)
🟡 MEOW: $0.000005 (-2.3%)

05:17
🟡 POPCAT: $0.048327 (-6.7%)
🟡 GOAT: $0.000000 (+0.0%)
🟡 MEOW: $0.000005 (-2.3%)

05:22
🟡 POPCAT: $0.048381 (-6.6%)
🟡 GOAT: $0.000000 (+0.0%)
🟡 MEOW: $0.000005 (-2.3%)

05:28
🟡 POPCAT: $0.048408 (-6.7%)
🟡 GOAT: $0.000000 (+0.0%)
🟡 MEOW: $0.000005 (-2.5%)

05:33
🟡 POPCAT: $0.048385 (-6.8%)
🟡 GOAT: $0.000000 (+0.0%)
🟡 MEOW: $0.000005 (-2.5%)

05:39
🟡 POPCAT: $0.048321 (-7.1%)
🟡 GOAT: $0.000000 (+0.0%)
🟡 MEOW: $0.000005 (-2.5%)

05:44
🟡 POPCAT: $0.048296 (-7.6%)
🟡 GOAT: $0.000000 (+0.0%)
🟡 MEOW: $0.000005 (-2.5%)

05:50
