🚀 SCANNER STARTED - Ctrl+C to stop

============================================================
📈 CRYPTO SCANNER - 2026-03-07 01:53:23
============================================================

🔻 AVAX: $9.05 (-3.55%)

🔻 BTC: $68,329.00 (-3.70%)

🔻 ADA: $0.26 (-3.36%)

🔻 DOGE: $0.09 (-2.49%)

🔻 ETH: $1,982.12 (-4.46%)

🔻 XRP: $1.37 (-2.65%)

🔻 SOL: $84.76 (-4.56%)

------------------------------------------------------------
😴 No strong signals
============================================================
🚀 SCANNER STARTED - Ctrl+C to stop

============================================================
📈 CRYPTO SCANNER - 2026-03-07 01:53:41
============================================================

🔻 AVAX: $9.05 (-3.55%)

🔻 BTC: $68,336.00 (-3.69%)

🔻 ADA: $0.26 (-3.34%)

🔻 DOGE: $0.09 (-2.50%)

🔻 ETH: $1,982.13 (-4.46%)

🔻 XRP: $1.37 (-2.65%)

🔻 SOL: $84.76 (-4.56%)

------------------------------------------------------------
😴 No strong signals
============================================================
🚀 SCANNER STARTED - Ctrl+C to stop

============================================================
📈 CRYPTO SCANNER - 2026-03-07 01:55:14
============================================================

🔻 AVAX: $9.05 (-3.54%)

🔻 BTC: $68,339.00 (-3.69%)

🔻 ADA: $0.26 (-3.33%)

🔻 DOGE: $0.09 (-2.50%)

🔻 ETH: $1,982.51 (-4.44%)

🔻 XRP: $1.37 (-2.61%)

🔻 SOL: $84.75 (-4.58%)

------------------------------------------------------------
😴 No strong signals
============================================================
🚀 SCANNER STARTED - Ctrl+C to stop

============================================================
📈 CRYPTO SCANNER - 2026-03-07 01:56:13
============================================================

🔻 STATUS: $0.00 (+0.00%)

------------------------------------------------------------
😴 No strong signals
============================================================
🚀 SCANNER STARTED - Ctrl+C to stop

============================================================
📈 CRYPTO SCANNER - 2026-03-07 01:57:13
============================================================

🔻 STATUS: $0.00 (+0.00%)

------------------------------------------------------------
😴 No strong signals
============================================================
🚀 SCANNER STARTED - Ctrl+C to stop

============================================================
📈 CRYPTO SCANNER - 2026-03-07 01:58:11
============================================================

🔻 AVAX: $9.05 (-3.55%)

🔻 BTC: $68,328.00 (-3.68%)

🔻 ADA: $0.26 (-3.26%)

🔻 DOGE: $0.09 (-2.47%)

🔻 ETH: $1,982.49 (-4.36%)

🔻 XRP: $1.37 (-2.56%)

🔻 SOL: $84.76 (-4.53%)

------------------------------------------------------------
😴 No strong signals
============================================================
